[1.558s] Invoking command in '/home/recklurker/assgn_turtlebot/src/custom_dwa': PYTHONPATH=/home/recklurker/assgn_turtlebot/build/custom_dwa/prefix_override:/usr/lib/python3/dist-packages/colcon_core/task/python/colcon_distutils_commands:/home/recklurker/assgn_turtlebot/install/custom_dwa/lib/python3.10/site-packages:${PYTHONPATH} /usr/bin/python3 -W ignore:setup.py install is deprecated -W ignore:easy_install command is deprecated setup.py egg_info --egg-base ../../build/custom_dwa build --build-base /home/recklurker/assgn_turtlebot/build/custom_dwa/build install --record /home/recklurker/assgn_turtlebot/build/custom_dwa/install.log --single-version-externally-managed install_data
[2.056s] running egg_info
[2.056s] creating ../../build/custom_dwa/custom_dwa.egg-info
[2.057s] writing ../../build/custom_dwa/custom_dwa.egg-info/PKG-INFO
[2.057s] writing dependency_links to ../../build/custom_dwa/custom_dwa.egg-info/dependency_links.txt
[2.058s] writing entry points to ../../build/custom_dwa/custom_dwa.egg-info/entry_points.txt
[2.058s] writing requirements to ../../build/custom_dwa/custom_dwa.egg-info/requires.txt
[2.058s] writing top-level names to ../../build/custom_dwa/custom_dwa.egg-info/top_level.txt
[2.058s] writing manifest file '../../build/custom_dwa/custom_dwa.egg-info/SOURCES.txt'
[2.063s] reading manifest file '../../build/custom_dwa/custom_dwa.egg-info/SOURCES.txt'
[2.064s] writing manifest file '../../build/custom_dwa/custom_dwa.egg-info/SOURCES.txt'
[2.064s] running build
[2.064s] running build_py
[2.065s] creating /home/recklurker/assgn_turtlebot/build/custom_dwa/build
[2.067s] creating /home/recklurker/assgn_turtlebot/build/custom_dwa/build/lib
[2.067s] creating /home/recklurker/assgn_turtlebot/build/custom_dwa/build/lib/custom_dwa
[2.069s] copying custom_dwa/__init__.py -> /home/recklurker/assgn_turtlebot/build/custom_dwa/build/lib/custom_dwa
[2.069s] copying custom_dwa/DWANode.py -> /home/recklurker/assgn_turtlebot/build/custom_dwa/build/lib/custom_dwa
[2.069s] copying custom_dwa/DWALogging.py -> /home/recklurker/assgn_turtlebot/build/custom_dwa/build/lib/custom_dwa
[2.069s] copying custom_dwa/DWAPlanner.py -> /home/recklurker/assgn_turtlebot/build/custom_dwa/build/lib/custom_dwa
[2.070s] copying custom_dwa/dwa.py -> /home/recklurker/assgn_turtlebot/build/custom_dwa/build/lib/custom_dwa
[2.070s] copying custom_dwa/DWAConfig.py -> /home/recklurker/assgn_turtlebot/build/custom_dwa/build/lib/custom_dwa
[2.070s] running install
[2.071s] running install_lib
[2.075s] creating /home/recklurker/assgn_turtlebot/install/custom_dwa/lib/python3.10/site-packages/custom_dwa
[2.076s] copying /home/recklurker/assgn_turtlebot/build/custom_dwa/build/lib/custom_dwa/__init__.py -> /home/recklurker/assgn_turtlebot/install/custom_dwa/lib/python3.10/site-packages/custom_dwa
[2.076s] copying /home/recklurker/assgn_turtlebot/build/custom_dwa/build/lib/custom_dwa/DWANode.py -> /home/recklurker/assgn_turtlebot/install/custom_dwa/lib/python3.10/site-packages/custom_dwa
[2.077s] copying /home/recklurker/assgn_turtlebot/build/custom_dwa/build/lib/custom_dwa/DWALogging.py -> /home/recklurker/assgn_turtlebot/install/custom_dwa/lib/python3.10/site-packages/custom_dwa
[2.077s] copying /home/recklurker/assgn_turtlebot/build/custom_dwa/build/lib/custom_dwa/DWAPlanner.py -> /home/recklurker/assgn_turtlebot/install/custom_dwa/lib/python3.10/site-packages/custom_dwa
[2.077s] copying /home/recklurker/assgn_turtlebot/build/custom_dwa/build/lib/custom_dwa/dwa.py -> /home/recklurker/assgn_turtlebot/install/custom_dwa/lib/python3.10/site-packages/custom_dwa
[2.078s] copying /home/recklurker/assgn_turtlebot/build/custom_dwa/build/lib/custom_dwa/DWAConfig.py -> /home/recklurker/assgn_turtlebot/install/custom_dwa/lib/python3.10/site-packages/custom_dwa
[2.078s] byte-compiling /home/recklurker/assgn_turtlebot/install/custom_dwa/lib/python3.10/site-packages/custom_dwa/__init__.py to __init__.cpython-310.pyc
[2.080s] byte-compiling /home/recklurker/assgn_turtlebot/install/custom_dwa/lib/python3.10/site-packages/custom_dwa/DWANode.py to DWANode.cpython-310.pyc
[2.083s] byte-compiling /home/recklurker/assgn_turtlebot/install/custom_dwa/lib/python3.10/site-packages/custom_dwa/DWALogging.py to DWALogging.cpython-310.pyc
[2.083s] byte-compiling /home/recklurker/assgn_turtlebot/install/custom_dwa/lib/python3.10/site-packages/custom_dwa/DWAPlanner.py to DWAPlanner.cpython-310.pyc
[2.085s] byte-compiling /home/recklurker/assgn_turtlebot/install/custom_dwa/lib/python3.10/site-packages/custom_dwa/dwa.py to dwa.cpython-310.pyc
[2.085s] byte-compiling /home/recklurker/assgn_turtlebot/install/custom_dwa/lib/python3.10/site-packages/custom_dwa/DWAConfig.py to DWAConfig.cpython-310.pyc
[2.086s] running install_data
[2.086s] creating /home/recklurker/assgn_turtlebot/install/custom_dwa/share/ament_index
[2.087s] creating /home/recklurker/assgn_turtlebot/install/custom_dwa/share/ament_index/resource_index
[2.089s] creating /home/recklurker/assgn_turtlebot/install/custom_dwa/share/ament_index/resource_index/packages
[2.091s] copying resource/custom_dwa -> /home/recklurker/assgn_turtlebot/install/custom_dwa/share/ament_index/resource_index/packages
[2.091s] copying package.xml -> /home/recklurker/assgn_turtlebot/install/custom_dwa/share/custom_dwa
[2.091s] creating /home/recklurker/assgn_turtlebot/install/custom_dwa/share/custom_dwa/launch
[2.092s] copying launch/custom_dwa.launch.py -> /home/recklurker/assgn_turtlebot/install/custom_dwa/share/custom_dwa/launch
[2.093s] running install_egg_info
[2.096s] Copying ../../build/custom_dwa/custom_dwa.egg-info to /home/recklurker/assgn_turtlebot/install/custom_dwa/lib/python3.10/site-packages/custom_dwa-0.0.0-py3.10.egg-info
[2.098s] running install_scripts
[2.148s] Installing launch_dwa script to /home/recklurker/assgn_turtlebot/install/custom_dwa/lib/custom_dwa
[2.150s] writing list of installed files to '/home/recklurker/assgn_turtlebot/build/custom_dwa/install.log'
[2.273s] Invoked command in '/home/recklurker/assgn_turtlebot/src/custom_dwa' returned '0': PYTHONPATH=/home/recklurker/assgn_turtlebot/build/custom_dwa/prefix_override:/usr/lib/python3/dist-packages/colcon_core/task/python/colcon_distutils_commands:/home/recklurker/assgn_turtlebot/install/custom_dwa/lib/python3.10/site-packages:${PYTHONPATH} /usr/bin/python3 -W ignore:setup.py install is deprecated -W ignore:easy_install command is deprecated setup.py egg_info --egg-base ../../build/custom_dwa build --build-base /home/recklurker/assgn_turtlebot/build/custom_dwa/build install --record /home/recklurker/assgn_turtlebot/build/custom_dwa/install.log --single-version-externally-managed install_data
