/home/recklurker/assgn_turtlebot/install/custom_dwa/lib/python3.10/site-packages/custom_dwa/__init__.py
/home/recklurker/assgn_turtlebot/install/custom_dwa/lib/python3.10/site-packages/custom_dwa/DWANode.py
/home/recklurker/assgn_turtlebot/install/custom_dwa/lib/python3.10/site-packages/custom_dwa/DWALogging.py
/home/recklurker/assgn_turtlebot/install/custom_dwa/lib/python3.10/site-packages/custom_dwa/DWAPlanner.py
/home/recklurker/assgn_turtlebot/install/custom_dwa/lib/python3.10/site-packages/custom_dwa/dwa.py
/home/recklurker/assgn_turtlebot/install/custom_dwa/lib/python3.10/site-packages/custom_dwa/DWAConfig.py
/home/recklurker/assgn_turtlebot/install/custom_dwa/lib/python3.10/site-packages/custom_dwa/__pycache__/__init__.cpython-310.pyc
/home/recklurker/assgn_turtlebot/install/custom_dwa/lib/python3.10/site-packages/custom_dwa/__pycache__/DWANode.cpython-310.pyc
/home/recklurker/assgn_turtlebot/install/custom_dwa/lib/python3.10/site-packages/custom_dwa/__pycache__/DWALogging.cpython-310.pyc
/home/recklurker/assgn_turtlebot/install/custom_dwa/lib/python3.10/site-packages/custom_dwa/__pycache__/DWAPlanner.cpython-310.pyc
/home/recklurker/assgn_turtlebot/install/custom_dwa/lib/python3.10/site-packages/custom_dwa/__pycache__/dwa.cpython-310.pyc
/home/recklurker/assgn_turtlebot/install/custom_dwa/lib/python3.10/site-packages/custom_dwa/__pycache__/DWAConfig.cpython-310.pyc
/home/recklurker/assgn_turtlebot/install/custom_dwa/share/ament_index/resource_index/packages/custom_dwa
/home/recklurker/assgn_turtlebot/install/custom_dwa/share/custom_dwa/package.xml
/home/recklurker/assgn_turtlebot/install/custom_dwa/share/custom_dwa/launch/custom_dwa.launch.py
/home/recklurker/assgn_turtlebot/install/custom_dwa/lib/python3.10/site-packages/custom_dwa-0.0.0-py3.10.egg-info/dependency_links.txt
/home/recklurker/assgn_turtlebot/install/custom_dwa/lib/python3.10/site-packages/custom_dwa-0.0.0-py3.10.egg-info/SOURCES.txt
/home/recklurker/assgn_turtlebot/install/custom_dwa/lib/python3.10/site-packages/custom_dwa-0.0.0-py3.10.egg-info/zip-safe
/home/recklurker/assgn_turtlebot/install/custom_dwa/lib/python3.10/site-packages/custom_dwa-0.0.0-py3.10.egg-info/top_level.txt
/home/recklurker/assgn_turtlebot/install/custom_dwa/lib/python3.10/site-packages/custom_dwa-0.0.0-py3.10.egg-info/requires.txt
/home/recklurker/assgn_turtlebot/install/custom_dwa/lib/python3.10/site-packages/custom_dwa-0.0.0-py3.10.egg-info/PKG-INFO
/home/recklurker/assgn_turtlebot/install/custom_dwa/lib/python3.10/site-packages/custom_dwa-0.0.0-py3.10.egg-info/entry_points.txt
/home/recklurker/assgn_turtlebot/install/custom_dwa/lib/custom_dwa/launch_dwa
